<?xml version="1.0" encoding="UTF-8"?>
<testsuite name="com.vehicle.rental.service.VehicleServiceTest" tests="2" skipped="0" failures="0" errors="0" timestamp="2022-10-01T09:31:44" hostname="admins-MacBook-Pro.local" time="0.003">
  <properties/>
  <testcase name="getVehicleTest()" classname="com.vehicle.rental.service.VehicleServiceTest" time="0.002"/>
  <testcase name="addVehicleTest()" classname="com.vehicle.rental.service.VehicleServiceTest" time="0.001"/>
  <system-out><![CDATA[]]></system-out>
  <system-err><![CDATA[]]></system-err>
</testsuite>
