<?xml version="1.0" encoding="UTF-8"?>
<testsuite name="com.vehicle.rental.service.BranchServiceTest" tests="1" skipped="0" failures="0" errors="0" timestamp="2022-10-01T08:47:10" hostname="admins-MacBook-Pro.local" time="0.014">
  <properties/>
  <testcase name="addAndGetBranchTest()" classname="com.vehicle.rental.service.BranchServiceTest" time="0.014"/>
  <system-out><![CDATA[]]></system-out>
  <system-err><![CDATA[]]></system-err>
</testsuite>
